
> nextjs@0.1.0 build
> next build

   Creating an optimized production build...
Browserslist: caniuse-lite is outdated. Please run:
  npx update-browserslist-db@latest
  Why you should do it regularly: https://github.com/browserslist/update-db#readme
 ✓ Compiled successfully
   Skipping linting
   Checking validity of types...
   Collecting page data...
PageNotFoundError: Cannot find module for page: /api/admin/login
    at getPagePath (e:\City-Witty-Admin\project\node_modules\next\dist\server\require.js:94:15)
    at requirePage (e:\City-Witty-Admin\project\node_modules\next\dist\server\require.js:99:22)
    at e:\City-Witty-Admin\project\node_modules\next\dist\server\load-components.js:59:84
    at process.processTicksAndRejections (node:internal/process/task_queues:105:5)
    at async loadComponentsImpl (e:\City-Witty-Admin\project\node_modules\next\dist\server\load-components.js:59:26)
    at async e:\City-Witty-Admin\project\node_modules\next\dist\build\utils.js:1045:32
    at async Span.traceAsyncFn (e:\City-Witty-Admin\project\node_modules\next\dist\trace\trace.js:105:20) {
  code: 'ENOENT'
}
PageNotFoundError: Cannot find module for page: /api/careers/[id]
    at getPagePath (e:\City-Witty-Admin\project\node_modules\next\dist\server\require.js:94:15)
    at requirePage (e:\City-Witty-Admin\project\node_modules\next\dist\server\require.js:99:22)
    at e:\City-Witty-Admin\project\node_modules\next\dist\server\load-components.js:59:84
    at process.processTicksAndRejections (node:internal/process/task_queues:105:5)
    at async loadComponentsImpl (e:\City-Witty-Admin\project\node_modules\next\dist\server\load-components.js:59:26)
    at async e:\City-Witty-Admin\project\node_modules\next\dist\build\utils.js:1045:32
    at async Span.traceAsyncFn (e:\City-Witty-Admin\project\node_modules\next\dist\trace\trace.js:105:20) {
  code: 'ENOENT'
}

> Build error occurred
Error: Failed to collect page data for /api/admin/login
    at e:\City-Witty-Admin\project\node_modules\next\dist\build\utils.js:1195:15
    at process.processTicksAndRejections (node:internal/process/task_queues:105:5) {
  type: 'Error'
}
